CRITICAL - 2023-11-07 05:17:07 --> syntax error, unexpected token "}", expecting ";"
in APPPATH\Controllers\Item.php on line 21.
 1 SYSTEMPATH\Router\Router.php(514): CodeIgniter\Router\AutoRouter->getRoute('/', 'get')
 2 SYSTEMPATH\Router\Router.php(210): CodeIgniter\Router\Router->autoRoute('/')
 3 SYSTEMPATH\CodeIgniter.php(823): CodeIgniter\Router\Router->handle('/')
 4 SYSTEMPATH\CodeIgniter.php(450): CodeIgniter\CodeIgniter->tryToRouteIt(Object(CodeIgniter\Router\RouteCollection))
 5 SYSTEMPATH\CodeIgniter.php(361): CodeIgniter\CodeIgniter->handleRequest(null, Object(Config\Cache), false)
 6 FCPATH\index.php(79): CodeIgniter\CodeIgniter->run()
CRITICAL - 2023-11-07 06:19:00 --> syntax error, unexpected token "}", expecting ";"
in APPPATH\Controllers\Item.php on line 27.
 1 SYSTEMPATH\Router\Router.php(514): CodeIgniter\Router\AutoRouter->getRoute('item/add', 'get')
 2 SYSTEMPATH\Router\Router.php(210): CodeIgniter\Router\Router->autoRoute('item/add')
 3 SYSTEMPATH\CodeIgniter.php(823): CodeIgniter\Router\Router->handle('item/add')
 4 SYSTEMPATH\CodeIgniter.php(450): CodeIgniter\CodeIgniter->tryToRouteIt(Object(CodeIgniter\Router\RouteCollection))
 5 SYSTEMPATH\CodeIgniter.php(361): CodeIgniter\CodeIgniter->handleRequest(null, Object(Config\Cache), false)
 6 FCPATH\index.php(79): CodeIgniter\CodeIgniter->run()
CRITICAL - 2023-11-07 07:22:29 --> Too few arguments to function App\Controllers\Item::store(), 0 passed in C:\xampp\htdocs\ci\system\CodeIgniter.php on line 942 and exactly 1 expected
in APPPATH\Controllers\Item.php on line 29.
 1 SYSTEMPATH\CodeIgniter.php(942): App\Controllers\Item->store()
 2 SYSTEMPATH\CodeIgniter.php(502): CodeIgniter\CodeIgniter->runController(Object(App\Controllers\Item))
 3 SYSTEMPATH\CodeIgniter.php(361): CodeIgniter\CodeIgniter->handleRequest(null, Object(Config\Cache), false)
 4 FCPATH\index.php(79): CodeIgniter\CodeIgniter->run()
CRITICAL - 2023-11-07 07:23:32 --> Too few arguments to function App\Controllers\Item::store(), 0 passed in C:\xampp\htdocs\ci\system\CodeIgniter.php on line 942 and exactly 1 expected
in APPPATH\Controllers\Item.php on line 29.
 1 SYSTEMPATH\CodeIgniter.php(942): App\Controllers\Item->store()
 2 SYSTEMPATH\CodeIgniter.php(502): CodeIgniter\CodeIgniter->runController(Object(App\Controllers\Item))
 3 SYSTEMPATH\CodeIgniter.php(361): CodeIgniter\CodeIgniter->handleRequest(null, Object(Config\Cache), false)
 4 FCPATH\index.php(79): CodeIgniter\CodeIgniter->run()
CRITICAL - 2023-11-07 07:35:52 --> Call to undefined method App\Controllers\Item::save()
in APPPATH\Controllers\Item.php on line 40.
 1 SYSTEMPATH\CodeIgniter.php(942): App\Controllers\Item->store()
 2 SYSTEMPATH\CodeIgniter.php(502): CodeIgniter\CodeIgniter->runController(Object(App\Controllers\Item))
 3 SYSTEMPATH\CodeIgniter.php(361): CodeIgniter\CodeIgniter->handleRequest(null, Object(Config\Cache), false)
 4 FCPATH\index.php(79): CodeIgniter\CodeIgniter->run()
CRITICAL - 2023-11-07 07:36:07 --> Call to undefined method App\Controllers\Item::insert()
in APPPATH\Controllers\Item.php on line 40.
 1 SYSTEMPATH\CodeIgniter.php(942): App\Controllers\Item->store()
 2 SYSTEMPATH\CodeIgniter.php(502): CodeIgniter\CodeIgniter->runController(Object(App\Controllers\Item))
 3 SYSTEMPATH\CodeIgniter.php(361): CodeIgniter\CodeIgniter->handleRequest(null, Object(Config\Cache), false)
 4 FCPATH\index.php(79): CodeIgniter\CodeIgniter->run()
CRITICAL - 2023-11-07 07:36:33 --> Call to undefined method App\Controllers\Item::insert()
in APPPATH\Controllers\Item.php on line 40.
 1 SYSTEMPATH\CodeIgniter.php(942): App\Controllers\Item->store()
 2 SYSTEMPATH\CodeIgniter.php(502): CodeIgniter\CodeIgniter->runController(Object(App\Controllers\Item))
 3 SYSTEMPATH\CodeIgniter.php(361): CodeIgniter\CodeIgniter->handleRequest(null, Object(Config\Cache), false)
 4 FCPATH\index.php(79): CodeIgniter\CodeIgniter->run()
CRITICAL - 2023-11-07 08:10:16 --> Object of class CodeIgniter\Validation\Validation could not be converted to string
in APPPATH\Views\item\add.php on line 42.
 1 SYSTEMPATH\View\View.php(228): include()
 2 SYSTEMPATH\View\View.php(231): CodeIgniter\View\View->CodeIgniter\View\{closure}()
 3 SYSTEMPATH\Common.php(1190): CodeIgniter\View\View->render('item/add', [], true)
 4 APPPATH\Controllers\Item.php(58): view('item/add', [...])
 5 SYSTEMPATH\CodeIgniter.php(942): App\Controllers\Item->store()
 6 SYSTEMPATH\CodeIgniter.php(502): CodeIgniter\CodeIgniter->runController(Object(App\Controllers\Item))
 7 SYSTEMPATH\CodeIgniter.php(361): CodeIgniter\CodeIgniter->handleRequest(null, Object(Config\Cache), false)
 8 FCPATH\index.php(79): CodeIgniter\CodeIgniter->run()
CRITICAL - 2023-11-07 08:11:52 --> Call to undefined method CodeIgniter\Validation\Validation::errors()
in APPPATH\Views\item\add.php on line 42.
 1 SYSTEMPATH\View\View.php(228): include()
 2 SYSTEMPATH\View\View.php(231): CodeIgniter\View\View->CodeIgniter\View\{closure}()
 3 SYSTEMPATH\Common.php(1190): CodeIgniter\View\View->render('item/add', [], true)
 4 APPPATH\Controllers\Item.php(58): view('item/add', [...])
 5 SYSTEMPATH\CodeIgniter.php(942): App\Controllers\Item->store()
 6 SYSTEMPATH\CodeIgniter.php(502): CodeIgniter\CodeIgniter->runController(Object(App\Controllers\Item))
 7 SYSTEMPATH\CodeIgniter.php(361): CodeIgniter\CodeIgniter->handleRequest(null, Object(Config\Cache), false)
 8 FCPATH\index.php(79): CodeIgniter\CodeIgniter->run()
CRITICAL - 2023-11-07 08:11:58 --> Cannot access protected property CodeIgniter\Validation\Validation::$errors
in APPPATH\Views\item\add.php on line 42.
 1 SYSTEMPATH\View\View.php(228): include()
 2 SYSTEMPATH\View\View.php(231): CodeIgniter\View\View->CodeIgniter\View\{closure}()
 3 SYSTEMPATH\Common.php(1190): CodeIgniter\View\View->render('item/add', [], true)
 4 APPPATH\Controllers\Item.php(58): view('item/add', [...])
 5 SYSTEMPATH\CodeIgniter.php(942): App\Controllers\Item->store()
 6 SYSTEMPATH\CodeIgniter.php(502): CodeIgniter\CodeIgniter->runController(Object(App\Controllers\Item))
 7 SYSTEMPATH\CodeIgniter.php(361): CodeIgniter\CodeIgniter->handleRequest(null, Object(Config\Cache), false)
 8 FCPATH\index.php(79): CodeIgniter\CodeIgniter->run()
CRITICAL - 2023-11-07 08:12:10 --> Cannot access protected property CodeIgniter\Validation\Validation::$errors
in APPPATH\Views\item\add.php on line 42.
 1 SYSTEMPATH\View\View.php(228): include()
 2 SYSTEMPATH\View\View.php(231): CodeIgniter\View\View->CodeIgniter\View\{closure}()
 3 SYSTEMPATH\Common.php(1190): CodeIgniter\View\View->render('item/add', [], true)
 4 APPPATH\Controllers\Item.php(58): view('item/add', [...])
 5 SYSTEMPATH\CodeIgniter.php(942): App\Controllers\Item->store()
 6 SYSTEMPATH\CodeIgniter.php(502): CodeIgniter\CodeIgniter->runController(Object(App\Controllers\Item))
 7 SYSTEMPATH\CodeIgniter.php(361): CodeIgniter\CodeIgniter->handleRequest(null, Object(Config\Cache), false)
 8 FCPATH\index.php(79): CodeIgniter\CodeIgniter->run()
CRITICAL - 2023-11-07 08:14:26 --> Object of class CodeIgniter\Validation\Validation could not be converted to string
in APPPATH\Views\item\add.php on line 44.
 1 SYSTEMPATH\View\View.php(228): include()
 2 SYSTEMPATH\View\View.php(231): CodeIgniter\View\View->CodeIgniter\View\{closure}()
 3 SYSTEMPATH\Common.php(1190): CodeIgniter\View\View->render('item/add', [], true)
 4 APPPATH\Controllers\Item.php(58): view('item/add', [...])
 5 SYSTEMPATH\CodeIgniter.php(942): App\Controllers\Item->store()
 6 SYSTEMPATH\CodeIgniter.php(502): CodeIgniter\CodeIgniter->runController(Object(App\Controllers\Item))
 7 SYSTEMPATH\CodeIgniter.php(361): CodeIgniter\CodeIgniter->handleRequest(null, Object(Config\Cache), false)
 8 FCPATH\index.php(79): CodeIgniter\CodeIgniter->run()
CRITICAL - 2023-11-07 08:18:44 --> Call to undefined function set_value()
in APPPATH\Views\item\add.php on line 54.
 1 SYSTEMPATH\View\View.php(228): include()
 2 SYSTEMPATH\View\View.php(231): CodeIgniter\View\View->CodeIgniter\View\{closure}()
 3 SYSTEMPATH\Common.php(1190): CodeIgniter\View\View->render('item/add', [], true)
 4 APPPATH\Controllers\Item.php(26): view('item/add')
 5 SYSTEMPATH\CodeIgniter.php(942): App\Controllers\Item->add()
 6 SYSTEMPATH\CodeIgniter.php(502): CodeIgniter\CodeIgniter->runController(Object(App\Controllers\Item))
 7 SYSTEMPATH\CodeIgniter.php(361): CodeIgniter\CodeIgniter->handleRequest(null, Object(Config\Cache), false)
 8 FCPATH\index.php(79): CodeIgniter\CodeIgniter->run()
CRITICAL - 2023-11-07 08:19:16 --> Call to undefined function set_value()
in APPPATH\Views\item\add.php on line 54.
 1 SYSTEMPATH\View\View.php(228): include()
 2 SYSTEMPATH\View\View.php(231): CodeIgniter\View\View->CodeIgniter\View\{closure}()
 3 SYSTEMPATH\Common.php(1190): CodeIgniter\View\View->render('item/add', [], true)
 4 APPPATH\Controllers\Item.php(26): view('item/add')
 5 SYSTEMPATH\CodeIgniter.php(942): App\Controllers\Item->add()
 6 SYSTEMPATH\CodeIgniter.php(502): CodeIgniter\CodeIgniter->runController(Object(App\Controllers\Item))
 7 SYSTEMPATH\CodeIgniter.php(361): CodeIgniter\CodeIgniter->handleRequest(null, Object(Config\Cache), false)
 8 FCPATH\index.php(79): CodeIgniter\CodeIgniter->run()
CRITICAL - 2023-11-07 08:19:40 --> Call to undefined function set_value()
in APPPATH\Views\item\add.php on line 54.
 1 SYSTEMPATH\View\View.php(228): include()
 2 SYSTEMPATH\View\View.php(231): CodeIgniter\View\View->CodeIgniter\View\{closure}()
 3 SYSTEMPATH\Common.php(1190): CodeIgniter\View\View->render('item/add', [], true)
 4 APPPATH\Controllers\Item.php(26): view('item/add')
 5 SYSTEMPATH\CodeIgniter.php(942): App\Controllers\Item->add()
 6 SYSTEMPATH\CodeIgniter.php(502): CodeIgniter\CodeIgniter->runController(Object(App\Controllers\Item))
 7 SYSTEMPATH\CodeIgniter.php(361): CodeIgniter\CodeIgniter->handleRequest(null, Object(Config\Cache), false)
 8 FCPATH\index.php(79): CodeIgniter\CodeIgniter->run()
CRITICAL - 2023-11-07 08:19:41 --> Call to undefined function set_value()
in APPPATH\Views\item\add.php on line 54.
 1 SYSTEMPATH\View\View.php(228): include()
 2 SYSTEMPATH\View\View.php(231): CodeIgniter\View\View->CodeIgniter\View\{closure}()
 3 SYSTEMPATH\Common.php(1190): CodeIgniter\View\View->render('item/add', [], true)
 4 APPPATH\Controllers\Item.php(26): view('item/add')
 5 SYSTEMPATH\CodeIgniter.php(942): App\Controllers\Item->add()
 6 SYSTEMPATH\CodeIgniter.php(502): CodeIgniter\CodeIgniter->runController(Object(App\Controllers\Item))
 7 SYSTEMPATH\CodeIgniter.php(361): CodeIgniter\CodeIgniter->handleRequest(null, Object(Config\Cache), false)
 8 FCPATH\index.php(79): CodeIgniter\CodeIgniter->run()
CRITICAL - 2023-11-07 08:19:43 --> Call to undefined function set_value()
in APPPATH\Views\item\add.php on line 54.
 1 SYSTEMPATH\View\View.php(228): include()
 2 SYSTEMPATH\View\View.php(231): CodeIgniter\View\View->CodeIgniter\View\{closure}()
 3 SYSTEMPATH\Common.php(1190): CodeIgniter\View\View->render('item/add', [], true)
 4 APPPATH\Controllers\Item.php(26): view('item/add')
 5 SYSTEMPATH\CodeIgniter.php(942): App\Controllers\Item->add()
 6 SYSTEMPATH\CodeIgniter.php(502): CodeIgniter\CodeIgniter->runController(Object(App\Controllers\Item))
 7 SYSTEMPATH\CodeIgniter.php(361): CodeIgniter\CodeIgniter->handleRequest(null, Object(Config\Cache), false)
 8 FCPATH\index.php(79): CodeIgniter\CodeIgniter->run()
CRITICAL - 2023-11-07 08:45:09 --> Too few arguments to function App\Controllers\Item::delete(), 0 passed in C:\xampp\htdocs\ci\system\CodeIgniter.php on line 942 and exactly 1 expected
in APPPATH\Controllers\Item.php on line 100.
 1 SYSTEMPATH\CodeIgniter.php(942): App\Controllers\Item->delete()
 2 SYSTEMPATH\CodeIgniter.php(502): CodeIgniter\CodeIgniter->runController(Object(App\Controllers\Item))
 3 SYSTEMPATH\CodeIgniter.php(361): CodeIgniter\CodeIgniter->handleRequest(null, Object(Config\Cache), false)
 4 FCPATH\index.php(79): CodeIgniter\CodeIgniter->run()
CRITICAL - 2023-11-07 08:45:33 --> Undefined variable $item
in APPPATH\Views\item\delete.php on line 17.
 1 APPPATH\Views\item\delete.php(17): CodeIgniter\Debug\Exceptions->errorHandler(2, 'Undefined variable $item', 'C:\\xampp\\htdocs\\ci\\app\\Views\\item\\delete.php', 17)
 2 SYSTEMPATH\View\View.php(228): include('C:\\xampp\\htdocs\\ci\\app\\Views\\item\\delete.php')
 3 SYSTEMPATH\View\View.php(231): CodeIgniter\View\View->CodeIgniter\View\{closure}()
 4 SYSTEMPATH\Common.php(1190): CodeIgniter\View\View->render('item/delete', [], true)
 5 APPPATH\Controllers\Item.php(102): view('item/delete')
 6 SYSTEMPATH\CodeIgniter.php(942): App\Controllers\Item->delete()
 7 SYSTEMPATH\CodeIgniter.php(502): CodeIgniter\CodeIgniter->runController(Object(App\Controllers\Item))
 8 SYSTEMPATH\CodeIgniter.php(361): CodeIgniter\CodeIgniter->handleRequest(null, Object(Config\Cache), false)
 9 FCPATH\index.php(79): CodeIgniter\CodeIgniter->run()
CRITICAL - 2023-11-07 08:47:27 --> Too few arguments to function App\Controllers\Item::delete(), 0 passed in C:\xampp\htdocs\ci\system\CodeIgniter.php on line 942 and exactly 1 expected
in APPPATH\Controllers\Item.php on line 100.
 1 SYSTEMPATH\CodeIgniter.php(942): App\Controllers\Item->delete()
 2 SYSTEMPATH\CodeIgniter.php(502): CodeIgniter\CodeIgniter->runController(Object(App\Controllers\Item))
 3 SYSTEMPATH\CodeIgniter.php(361): CodeIgniter\CodeIgniter->handleRequest(null, Object(Config\Cache), false)
 4 FCPATH\index.php(79): CodeIgniter\CodeIgniter->run()
CRITICAL - 2023-11-07 08:47:41 --> Too few arguments to function App\Controllers\Item::delete(), 0 passed in C:\xampp\htdocs\ci\system\CodeIgniter.php on line 942 and exactly 1 expected
in APPPATH\Controllers\Item.php on line 100.
 1 SYSTEMPATH\CodeIgniter.php(942): App\Controllers\Item->delete()
 2 SYSTEMPATH\CodeIgniter.php(502): CodeIgniter\CodeIgniter->runController(Object(App\Controllers\Item))
 3 SYSTEMPATH\CodeIgniter.php(361): CodeIgniter\CodeIgniter->handleRequest(null, Object(Config\Cache), false)
 4 FCPATH\index.php(79): CodeIgniter\CodeIgniter->run()
CRITICAL - 2023-11-07 08:48:01 --> Too few arguments to function App\Controllers\Item::delete(), 0 passed in C:\xampp\htdocs\ci\system\CodeIgniter.php on line 942 and exactly 1 expected
in APPPATH\Controllers\Item.php on line 100.
 1 SYSTEMPATH\CodeIgniter.php(942): App\Controllers\Item->delete()
 2 SYSTEMPATH\CodeIgniter.php(502): CodeIgniter\CodeIgniter->runController(Object(App\Controllers\Item))
 3 SYSTEMPATH\CodeIgniter.php(361): CodeIgniter\CodeIgniter->handleRequest(null, Object(Config\Cache), false)
 4 FCPATH\index.php(79): CodeIgniter\CodeIgniter->run()
CRITICAL - 2023-11-07 08:48:02 --> Too few arguments to function App\Controllers\Item::delete(), 0 passed in C:\xampp\htdocs\ci\system\CodeIgniter.php on line 942 and exactly 1 expected
in APPPATH\Controllers\Item.php on line 100.
 1 SYSTEMPATH\CodeIgniter.php(942): App\Controllers\Item->delete()
 2 SYSTEMPATH\CodeIgniter.php(502): CodeIgniter\CodeIgniter->runController(Object(App\Controllers\Item))
 3 SYSTEMPATH\CodeIgniter.php(361): CodeIgniter\CodeIgniter->handleRequest(null, Object(Config\Cache), false)
 4 FCPATH\index.php(79): CodeIgniter\CodeIgniter->run()
CRITICAL - 2023-11-07 08:48:02 --> Too few arguments to function App\Controllers\Item::delete(), 0 passed in C:\xampp\htdocs\ci\system\CodeIgniter.php on line 942 and exactly 1 expected
in APPPATH\Controllers\Item.php on line 100.
 1 SYSTEMPATH\CodeIgniter.php(942): App\Controllers\Item->delete()
 2 SYSTEMPATH\CodeIgniter.php(502): CodeIgniter\CodeIgniter->runController(Object(App\Controllers\Item))
 3 SYSTEMPATH\CodeIgniter.php(361): CodeIgniter\CodeIgniter->handleRequest(null, Object(Config\Cache), false)
 4 FCPATH\index.php(79): CodeIgniter\CodeIgniter->run()
CRITICAL - 2023-11-07 08:48:02 --> Too few arguments to function App\Controllers\Item::delete(), 0 passed in C:\xampp\htdocs\ci\system\CodeIgniter.php on line 942 and exactly 1 expected
in APPPATH\Controllers\Item.php on line 100.
 1 SYSTEMPATH\CodeIgniter.php(942): App\Controllers\Item->delete()
 2 SYSTEMPATH\CodeIgniter.php(502): CodeIgniter\CodeIgniter->runController(Object(App\Controllers\Item))
 3 SYSTEMPATH\CodeIgniter.php(361): CodeIgniter\CodeIgniter->handleRequest(null, Object(Config\Cache), false)
 4 FCPATH\index.php(79): CodeIgniter\CodeIgniter->run()
CRITICAL - 2023-11-07 08:48:02 --> Too few arguments to function App\Controllers\Item::delete(), 0 passed in C:\xampp\htdocs\ci\system\CodeIgniter.php on line 942 and exactly 1 expected
in APPPATH\Controllers\Item.php on line 100.
 1 SYSTEMPATH\CodeIgniter.php(942): App\Controllers\Item->delete()
 2 SYSTEMPATH\CodeIgniter.php(502): CodeIgniter\CodeIgniter->runController(Object(App\Controllers\Item))
 3 SYSTEMPATH\CodeIgniter.php(361): CodeIgniter\CodeIgniter->handleRequest(null, Object(Config\Cache), false)
 4 FCPATH\index.php(79): CodeIgniter\CodeIgniter->run()
CRITICAL - 2023-11-07 08:48:02 --> Too few arguments to function App\Controllers\Item::delete(), 0 passed in C:\xampp\htdocs\ci\system\CodeIgniter.php on line 942 and exactly 1 expected
in APPPATH\Controllers\Item.php on line 100.
 1 SYSTEMPATH\CodeIgniter.php(942): App\Controllers\Item->delete()
 2 SYSTEMPATH\CodeIgniter.php(502): CodeIgniter\CodeIgniter->runController(Object(App\Controllers\Item))
 3 SYSTEMPATH\CodeIgniter.php(361): CodeIgniter\CodeIgniter->handleRequest(null, Object(Config\Cache), false)
 4 FCPATH\index.php(79): CodeIgniter\CodeIgniter->run()
CRITICAL - 2023-11-07 08:48:24 --> Too few arguments to function App\Controllers\Item::delete(), 0 passed in C:\xampp\htdocs\ci\system\CodeIgniter.php on line 942 and exactly 1 expected
in APPPATH\Controllers\Item.php on line 100.
 1 SYSTEMPATH\CodeIgniter.php(942): App\Controllers\Item->delete()
 2 SYSTEMPATH\CodeIgniter.php(502): CodeIgniter\CodeIgniter->runController(Object(App\Controllers\Item))
 3 SYSTEMPATH\CodeIgniter.php(361): CodeIgniter\CodeIgniter->handleRequest(null, Object(Config\Cache), false)
 4 FCPATH\index.php(79): CodeIgniter\CodeIgniter->run()
CRITICAL - 2023-11-07 08:48:25 --> Too few arguments to function App\Controllers\Item::delete(), 0 passed in C:\xampp\htdocs\ci\system\CodeIgniter.php on line 942 and exactly 1 expected
in APPPATH\Controllers\Item.php on line 100.
 1 SYSTEMPATH\CodeIgniter.php(942): App\Controllers\Item->delete()
 2 SYSTEMPATH\CodeIgniter.php(502): CodeIgniter\CodeIgniter->runController(Object(App\Controllers\Item))
 3 SYSTEMPATH\CodeIgniter.php(361): CodeIgniter\CodeIgniter->handleRequest(null, Object(Config\Cache), false)
 4 FCPATH\index.php(79): CodeIgniter\CodeIgniter->run()
CRITICAL - 2023-11-07 08:48:31 --> Too few arguments to function App\Controllers\Item::delete(), 0 passed in C:\xampp\htdocs\ci\system\CodeIgniter.php on line 942 and exactly 1 expected
in APPPATH\Controllers\Item.php on line 100.
 1 SYSTEMPATH\CodeIgniter.php(942): App\Controllers\Item->delete()
 2 SYSTEMPATH\CodeIgniter.php(502): CodeIgniter\CodeIgniter->runController(Object(App\Controllers\Item))
 3 SYSTEMPATH\CodeIgniter.php(361): CodeIgniter\CodeIgniter->handleRequest(null, Object(Config\Cache), false)
 4 FCPATH\index.php(79): CodeIgniter\CodeIgniter->run()
CRITICAL - 2023-11-07 08:49:01 --> Too few arguments to function App\Controllers\Item::delete(), 0 passed in C:\xampp\htdocs\ci\system\CodeIgniter.php on line 942 and exactly 1 expected
in APPPATH\Controllers\Item.php on line 100.
 1 SYSTEMPATH\CodeIgniter.php(942): App\Controllers\Item->delete()
 2 SYSTEMPATH\CodeIgniter.php(502): CodeIgniter\CodeIgniter->runController(Object(App\Controllers\Item))
 3 SYSTEMPATH\CodeIgniter.php(361): CodeIgniter\CodeIgniter->handleRequest(null, Object(Config\Cache), false)
 4 FCPATH\index.php(79): CodeIgniter\CodeIgniter->run()
CRITICAL - 2023-11-07 08:49:03 --> Too few arguments to function App\Controllers\Item::delete(), 0 passed in C:\xampp\htdocs\ci\system\CodeIgniter.php on line 942 and exactly 1 expected
in APPPATH\Controllers\Item.php on line 100.
 1 SYSTEMPATH\CodeIgniter.php(942): App\Controllers\Item->delete()
 2 SYSTEMPATH\CodeIgniter.php(502): CodeIgniter\CodeIgniter->runController(Object(App\Controllers\Item))
 3 SYSTEMPATH\CodeIgniter.php(361): CodeIgniter\CodeIgniter->handleRequest(null, Object(Config\Cache), false)
 4 FCPATH\index.php(79): CodeIgniter\CodeIgniter->run()
CRITICAL - 2023-11-07 08:57:46 --> Call to undefined function set_value()
in APPPATH\Views\item\edit.php on line 20.
 1 SYSTEMPATH\View\View.php(228): include()
 2 SYSTEMPATH\View\View.php(231): CodeIgniter\View\View->CodeIgniter\View\{closure}()
 3 SYSTEMPATH\Common.php(1190): CodeIgniter\View\View->render('item/edit', [], true)
 4 APPPATH\Controllers\Item.php(97): view('item/edit', [...])
 5 SYSTEMPATH\CodeIgniter.php(942): App\Controllers\Item->edit('1')
 6 SYSTEMPATH\CodeIgniter.php(502): CodeIgniter\CodeIgniter->runController(Object(App\Controllers\Item))
 7 SYSTEMPATH\CodeIgniter.php(361): CodeIgniter\CodeIgniter->handleRequest(null, Object(Config\Cache), false)
 8 FCPATH\index.php(79): CodeIgniter\CodeIgniter->run()
CRITICAL - 2023-11-07 08:58:35 --> Too few arguments to function App\Controllers\Item::edit(), 0 passed in C:\xampp\htdocs\ci\system\CodeIgniter.php on line 942 and exactly 1 expected
in APPPATH\Controllers\Item.php on line 68.
 1 SYSTEMPATH\CodeIgniter.php(942): App\Controllers\Item->edit()
 2 SYSTEMPATH\CodeIgniter.php(502): CodeIgniter\CodeIgniter->runController(Object(App\Controllers\Item))
 3 SYSTEMPATH\CodeIgniter.php(361): CodeIgniter\CodeIgniter->handleRequest(null, Object(Config\Cache), false)
 4 FCPATH\index.php(79): CodeIgniter\CodeIgniter->run()
CRITICAL - 2023-11-07 08:59:05 --> Too few arguments to function App\Controllers\Item::edit(), 0 passed in C:\xampp\htdocs\ci\system\CodeIgniter.php on line 942 and exactly 1 expected
in APPPATH\Controllers\Item.php on line 68.
 1 SYSTEMPATH\CodeIgniter.php(942): App\Controllers\Item->edit()
 2 SYSTEMPATH\CodeIgniter.php(502): CodeIgniter\CodeIgniter->runController(Object(App\Controllers\Item))
 3 SYSTEMPATH\CodeIgniter.php(361): CodeIgniter\CodeIgniter->handleRequest(null, Object(Config\Cache), false)
 4 FCPATH\index.php(79): CodeIgniter\CodeIgniter->run()
CRITICAL - 2023-11-07 08:59:32 --> Too few arguments to function App\Controllers\Item::edit(), 0 passed in C:\xampp\htdocs\ci\system\CodeIgniter.php on line 942 and exactly 1 expected
in APPPATH\Controllers\Item.php on line 68.
 1 SYSTEMPATH\CodeIgniter.php(942): App\Controllers\Item->edit()
 2 SYSTEMPATH\CodeIgniter.php(502): CodeIgniter\CodeIgniter->runController(Object(App\Controllers\Item))
 3 SYSTEMPATH\CodeIgniter.php(361): CodeIgniter\CodeIgniter->handleRequest(null, Object(Config\Cache), false)
 4 FCPATH\index.php(79): CodeIgniter\CodeIgniter->run()
