CRITICAL - 2023-11-06 07:00:18 --> The framework needs the following extension(s) installed and loaded: intl.
in SYSTEMPATH\CodeIgniter.php on line 252.
 1 SYSTEMPATH\CodeIgniter.php(252): CodeIgniter\Exceptions\FrameworkException::forMissingExtension('intl')
 2 SYSTEMPATH\CodeIgniter.php(214): CodeIgniter\CodeIgniter->resolvePlatformExtensions()
 3 FCPATH\index.php(67): CodeIgniter\CodeIgniter->initialize()
CRITICAL - 2023-11-06 06:19:19 --> Invalid file: "welcome_messages.php"
in SYSTEMPATH\Exceptions\FrameworkException.php on line 39.
 1 SYSTEMPATH\View\View.php(216): CodeIgniter\Exceptions\FrameworkException::forInvalidFile('welcome_messages.php')
 2 SYSTEMPATH\Common.php(1190): CodeIgniter\View\View->render('welcome_messages', [], true)
 3 APPPATH\Controllers\Home.php(9): view('welcome_messages')
 4 SYSTEMPATH\CodeIgniter.php(942): App\Controllers\Home->index()
 5 SYSTEMPATH\CodeIgniter.php(502): CodeIgniter\CodeIgniter->runController(Object(App\Controllers\Home))
 6 SYSTEMPATH\CodeIgniter.php(361): CodeIgniter\CodeIgniter->handleRequest(null, Object(Config\Cache), false)
 7 FCPATH\index.php(79): CodeIgniter\CodeIgniter->run()
CRITICAL - 2023-11-06 06:24:40 --> App\Controllers\Home::index(): Return value must be of type string, none returned
in APPPATH\Controllers\Home.php on line 11.
 1 SYSTEMPATH\CodeIgniter.php(942): App\Controllers\Home->index()
 2 SYSTEMPATH\CodeIgniter.php(502): CodeIgniter\CodeIgniter->runController(Object(App\Controllers\Home))
 3 SYSTEMPATH\CodeIgniter.php(361): CodeIgniter\CodeIgniter->handleRequest(null, Object(Config\Cache), false)
 4 FCPATH\index.php(79): CodeIgniter\CodeIgniter->run()
CRITICAL - 2023-11-06 07:13:15 --> Invalid file: "index.php"
in SYSTEMPATH\Exceptions\FrameworkException.php on line 39.
 1 SYSTEMPATH\View\View.php(216): CodeIgniter\Exceptions\FrameworkException::forInvalidFile('index.php')
 2 SYSTEMPATH\Common.php(1190): CodeIgniter\View\View->render('index', [], true)
 3 APPPATH\Controllers\Item.php(9): view('index')
 4 SYSTEMPATH\CodeIgniter.php(942): App\Controllers\Item->index()
 5 SYSTEMPATH\CodeIgniter.php(502): CodeIgniter\CodeIgniter->runController(Object(App\Controllers\Item))
 6 SYSTEMPATH\CodeIgniter.php(361): CodeIgniter\CodeIgniter->handleRequest(null, Object(Config\Cache), false)
 7 FCPATH\index.php(79): CodeIgniter\CodeIgniter->run()
CRITICAL - 2023-11-06 07:43:55 --> Class "App\Controllers\App\Models\ItemMode" not found
in APPPATH\Controllers\Item.php on line 9.
 1 SYSTEMPATH\CodeIgniter.php(942): App\Controllers\Item->index()
 2 SYSTEMPATH\CodeIgniter.php(502): CodeIgniter\CodeIgniter->runController(Object(App\Controllers\Item))
 3 SYSTEMPATH\CodeIgniter.php(361): CodeIgniter\CodeIgniter->handleRequest(null, Object(Config\Cache), false)
 4 FCPATH\index.php(79): CodeIgniter\CodeIgniter->run()
CRITICAL - 2023-11-06 07:43:58 --> Class "App\Controllers\App\Models\ItemMode" not found
in APPPATH\Controllers\Item.php on line 9.
 1 SYSTEMPATH\CodeIgniter.php(942): App\Controllers\Item->index()
 2 SYSTEMPATH\CodeIgniter.php(502): CodeIgniter\CodeIgniter->runController(Object(App\Controllers\Item))
 3 SYSTEMPATH\CodeIgniter.php(361): CodeIgniter\CodeIgniter->handleRequest(null, Object(Config\Cache), false)
 4 FCPATH\index.php(79): CodeIgniter\CodeIgniter->run()
CRITICAL - 2023-11-06 07:44:09 --> Class "App\Controllers\App\Models\ItemModel" not found
in APPPATH\Controllers\Item.php on line 9.
 1 SYSTEMPATH\CodeIgniter.php(942): App\Controllers\Item->index()
 2 SYSTEMPATH\CodeIgniter.php(502): CodeIgniter\CodeIgniter->runController(Object(App\Controllers\Item))
 3 SYSTEMPATH\CodeIgniter.php(361): CodeIgniter\CodeIgniter->handleRequest(null, Object(Config\Cache), false)
 4 FCPATH\index.php(79): CodeIgniter\CodeIgniter->run()
CRITICAL - 2023-11-06 07:44:10 --> Class "App\Controllers\App\Models\ItemModel" not found
in APPPATH\Controllers\Item.php on line 9.
 1 SYSTEMPATH\CodeIgniter.php(942): App\Controllers\Item->index()
 2 SYSTEMPATH\CodeIgniter.php(502): CodeIgniter\CodeIgniter->runController(Object(App\Controllers\Item))
 3 SYSTEMPATH\CodeIgniter.php(361): CodeIgniter\CodeIgniter->handleRequest(null, Object(Config\Cache), false)
 4 FCPATH\index.php(79): CodeIgniter\CodeIgniter->run()
CRITICAL - 2023-11-06 07:44:10 --> Class "App\Controllers\App\Models\ItemModel" not found
in APPPATH\Controllers\Item.php on line 9.
 1 SYSTEMPATH\CodeIgniter.php(942): App\Controllers\Item->index()
 2 SYSTEMPATH\CodeIgniter.php(502): CodeIgniter\CodeIgniter->runController(Object(App\Controllers\Item))
 3 SYSTEMPATH\CodeIgniter.php(361): CodeIgniter\CodeIgniter->handleRequest(null, Object(Config\Cache), false)
 4 FCPATH\index.php(79): CodeIgniter\CodeIgniter->run()
ERROR - 2023-11-06 07:44:29 --> Error connecting to the database: mysqli_sql_exception: Unknown database 'db_item' in C:\xampp\htdocs\ci\system\Database\MySQLi\Connection.php:185
Stack trace:
#0 C:\xampp\htdocs\ci\system\Database\MySQLi\Connection.php(185): mysqli->real_connect('localhost', 'root', '', 'db_item', 3306, '', 0)
#1 C:\xampp\htdocs\ci\system\Database\BaseConnection.php(392): CodeIgniter\Database\MySQLi\Connection->connect(false)
#2 C:\xampp\htdocs\ci\system\Database\BaseConnection.php(575): CodeIgniter\Database\BaseConnection->initialize()
#3 C:\xampp\htdocs\ci\system\Database\BaseBuilder.php(1615): CodeIgniter\Database\BaseConnection->query('SELECT *\nFROM `...', Array, false)
#4 C:\xampp\htdocs\ci\system\Model.php(237): CodeIgniter\Database\BaseBuilder->get()
#5 C:\xampp\htdocs\ci\system\BaseModel.php(624): CodeIgniter\Model->doFindAll(0, 0)
#6 C:\xampp\htdocs\ci\app\Controllers\Item.php(10): CodeIgniter\BaseModel->findAll()
#7 C:\xampp\htdocs\ci\system\CodeIgniter.php(942): App\Controllers\Item->index()
#8 C:\xampp\htdocs\ci\system\CodeIgniter.php(502): CodeIgniter\CodeIgniter->runController(Object(App\Controllers\Item))
#9 C:\xampp\htdocs\ci\system\CodeIgniter.php(361): CodeIgniter\CodeIgniter->handleRequest(NULL, Object(Config\Cache), false)
#10 C:\xampp\htdocs\ci\index.php(79): CodeIgniter\CodeIgniter->run()
#11 {main}

Next CodeIgniter\Database\Exceptions\DatabaseException: Unknown database 'db_item' in C:\xampp\htdocs\ci\system\Database\MySQLi\Connection.php:229
Stack trace:
#0 C:\xampp\htdocs\ci\system\Database\BaseConnection.php(392): CodeIgniter\Database\MySQLi\Connection->connect(false)
#1 C:\xampp\htdocs\ci\system\Database\BaseConnection.php(575): CodeIgniter\Database\BaseConnection->initialize()
#2 C:\xampp\htdocs\ci\system\Database\BaseBuilder.php(1615): CodeIgniter\Database\BaseConnection->query('SELECT *\nFROM `...', Array, false)
#3 C:\xampp\htdocs\ci\system\Model.php(237): CodeIgniter\Database\BaseBuilder->get()
#4 C:\xampp\htdocs\ci\system\BaseModel.php(624): CodeIgniter\Model->doFindAll(0, 0)
#5 C:\xampp\htdocs\ci\app\Controllers\Item.php(10): CodeIgniter\BaseModel->findAll()
#6 C:\xampp\htdocs\ci\system\CodeIgniter.php(942): App\Controllers\Item->index()
#7 C:\xampp\htdocs\ci\system\CodeIgniter.php(502): CodeIgniter\CodeIgniter->runController(Object(App\Controllers\Item))
#8 C:\xampp\htdocs\ci\system\CodeIgniter.php(361): CodeIgniter\CodeIgniter->handleRequest(NULL, Object(Config\Cache), false)
#9 C:\xampp\htdocs\ci\index.php(79): CodeIgniter\CodeIgniter->run()
#10 {main}
CRITICAL - 2023-11-06 07:44:29 --> Unable to connect to the database.
Main connection [MySQLi]: Unknown database 'db_item'
in SYSTEMPATH\Database\BaseConnection.php on line 428.
 1 SYSTEMPATH\Database\BaseConnection.php(575): CodeIgniter\Database\BaseConnection->initialize()
 2 SYSTEMPATH\Database\BaseBuilder.php(1615): CodeIgniter\Database\BaseConnection->query('SELECT *
FROM `tbl_item`', [], false)
 3 SYSTEMPATH\Model.php(237): CodeIgniter\Database\BaseBuilder->get()
 4 SYSTEMPATH\BaseModel.php(624): CodeIgniter\Model->doFindAll(0, 0)
 5 APPPATH\Controllers\Item.php(10): CodeIgniter\BaseModel->findAll()
 6 SYSTEMPATH\CodeIgniter.php(942): App\Controllers\Item->index()
 7 SYSTEMPATH\CodeIgniter.php(502): CodeIgniter\CodeIgniter->runController(Object(App\Controllers\Item))
 8 SYSTEMPATH\CodeIgniter.php(361): CodeIgniter\CodeIgniter->handleRequest(null, Object(Config\Cache), false)
 9 FCPATH\index.php(79): CodeIgniter\CodeIgniter->run()
CRITICAL - 2023-11-06 07:44:43 --> mysqli_result::fetch_object(): Argument #1 ($class) must be a valid class name, objects given
in SYSTEMPATH\Database\MySQLi\Result.php on line 154.
 1 SYSTEMPATH\Database\MySQLi\Result.php(154): mysqli_result->fetch_object('objects')
 2 SYSTEMPATH\Database\BaseResult.php(159): CodeIgniter\Database\MySQLi\Result->fetchObject('objects')
 3 SYSTEMPATH\Database\BaseResult.php(114): CodeIgniter\Database\BaseResult->getCustomResultObject('objects')
 4 SYSTEMPATH\Model.php(238): CodeIgniter\Database\BaseResult->getResult('objects')
 5 SYSTEMPATH\BaseModel.php(624): CodeIgniter\Model->doFindAll(0, 0)
 6 APPPATH\Controllers\Item.php(10): CodeIgniter\BaseModel->findAll()
 7 SYSTEMPATH\CodeIgniter.php(942): App\Controllers\Item->index()
 8 SYSTEMPATH\CodeIgniter.php(502): CodeIgniter\CodeIgniter->runController(Object(App\Controllers\Item))
 9 SYSTEMPATH\CodeIgniter.php(361): CodeIgniter\CodeIgniter->handleRequest(null, Object(Config\Cache), false)
10 FCPATH\index.php(79): CodeIgniter\CodeIgniter->run()
CRITICAL - 2023-11-06 07:53:56 --> syntax error, unexpected end of file
in APPPATH\Views\item\index.php on line 34.
 1 SYSTEMPATH\View\View.php(231): CodeIgniter\View\View->CodeIgniter\View\{closure}()
 2 SYSTEMPATH\Common.php(1190): CodeIgniter\View\View->render('item/index', [], true)
 3 APPPATH\Controllers\Item.php(14): view('item/index', [...])
 4 SYSTEMPATH\CodeIgniter.php(942): App\Controllers\Item->index()
 5 SYSTEMPATH\CodeIgniter.php(502): CodeIgniter\CodeIgniter->runController(Object(App\Controllers\Item))
 6 SYSTEMPATH\CodeIgniter.php(361): CodeIgniter\CodeIgniter->handleRequest(null, Object(Config\Cache), false)
 7 FCPATH\index.php(79): CodeIgniter\CodeIgniter->run()
CRITICAL - 2023-11-06 07:54:09 --> Undefined variable $items
in APPPATH\Views\item\index.php on line 22.
 1 APPPATH\Views\item\index.php(22): CodeIgniter\Debug\Exceptions->errorHandler(2, 'Undefined variable $items', 'C:\\xampp\\htdocs\\ci\\app\\Views\\item\\index.php', 22)
 2 SYSTEMPATH\View\View.php(228): include('C:\\xampp\\htdocs\\ci\\app\\Views\\item\\index.php')
 3 SYSTEMPATH\View\View.php(231): CodeIgniter\View\View->CodeIgniter\View\{closure}()
 4 SYSTEMPATH\Common.php(1190): CodeIgniter\View\View->render('item/index', [], true)
 5 APPPATH\Controllers\Item.php(14): view('item/index', [...])
 6 SYSTEMPATH\CodeIgniter.php(942): App\Controllers\Item->index()
 7 SYSTEMPATH\CodeIgniter.php(502): CodeIgniter\CodeIgniter->runController(Object(App\Controllers\Item))
 8 SYSTEMPATH\CodeIgniter.php(361): CodeIgniter\CodeIgniter->handleRequest(null, Object(Config\Cache), false)
 9 FCPATH\index.php(79): CodeIgniter\CodeIgniter->run()
